[+] Containers:
 |- [+] Container: /Game/ThirdPerson/Maps/ThirdPersonMap
 |   |- [+] ActorDescs:
 |   |   |- Guid:0FCBF0C943747A6AE040EF860E7F9060 NativeClass:/Script/Engine.StaticMeshActor Name:StaticMeshActor_UAID_40C2BA406274725C02_1934651729 Label:SM_Cube17 SpatiallyLoaded:true EditorBounds:IsValid=true, Min=(X=3480.000 Y=4479.340 Z=0.000), Max=(X=4611.371 Y=5610.711 Z=100.000) RuntimeBounds:IsValid=true, Min=(X=3480.000 Y=4479.340 Z=0.000), Max=(X=4611.371 Y=5610.711 Z=100.000) RuntimeGrid:None EditorOnly:false RuntimeOnly:false HLODRelevant:true ListedInSceneOutliner:true IsMainWorldOnly:false
 |   |   |- Guid:2153AA904D4C62F708D4E7AA482B32D4 NativeClass:/Script/Engine.StaticMeshActor Name:StaticMeshActor_UAID_40C2BA406274725C02_2040090733 Label:SM_Cube21 SpatiallyLoaded:true EditorBounds:IsValid=true, Min=(X=3489.289 Y=-540.000 Z=0.000), Max=(X=4620.660 Y=591.371 Z=100.000) RuntimeBounds:IsValid=true, Min=(X=3489.289 Y=-540.000 Z=0.000), Max=(X=4620.660 Y=591.371 Z=100.000) RuntimeGrid:None EditorOnly:false RuntimeOnly:false HLODRelevant:true ListedInSceneOutliner:true IsMainWorldOnly:false
 |   |   |- Guid:22668EB54B15EE039BE27B8BF7F01D67 NativeClass:/Script/Engine.StaticMeshActor Name:StaticMeshActor_UAID_40C2BA406274725C02_1443690714 Label:SM_Cube4 SpatiallyLoaded:true EditorBounds:IsValid=true, Min=(X=820.000 Y=-1280.000 Z=0.000), Max=(X=1769.750 Y=-1180.000 Z=100.000) RuntimeBounds:IsValid=true, Min=(X=820.000 Y=-1280.000 Z=0.000), Max=(X=1769.750 Y=-1180.000 Z=100.000) RuntimeGrid:None EditorOnly:false RuntimeOnly:false HLODRelevant:true ListedInSceneOutliner:true IsMainWorldOnly:false
 |   |   |- Guid:2B455FAB4BE78E5BDBC14B886508F547 NativeClass:/Script/Engine.StaticMeshActor Name:StaticMeshActor_UAID_40C2BA406274725C02_1548184717 Label:SM_Cube7 SpatiallyLoaded:true EditorBounds:IsValid=true, Min=(X=-2010.000 Y=-540.660 Z=0.000), Max=(X=-878.629 Y=590.711 Z=100.000) RuntimeBounds:IsValid=true, Min=(X=-2010.000 Y=-540.660 Z=0.000), Max=(X=-878.629 Y=590.711 Z=100.000) RuntimeGrid:None EditorOnly:false RuntimeOnly:false HLODRelevant:true ListedInSceneOutliner:true IsMainWorldOnly:false
 |   |   |- Guid:2FB58999456391D349DC0F86DAC136ED NativeClass:/Script/Engine.SkyLight Name:SkyLight_1 Label:SkyLight SpatiallyLoaded:false EditorBounds:IsValid=true, Min=(X=0.000 Y=0.000 Z=690.000), Max=(X=0.000 Y=0.000 Z=690.000) RuntimeBounds:IsValid=true, Min=(X=0.000 Y=0.000 Z=690.000), Max=(X=0.000 Y=0.000 Z=690.000) RuntimeGrid:None EditorOnly:false RuntimeOnly:false HLODRelevant:false ListedInSceneOutliner:true IsMainWorldOnly:false FolderPath:Lighting FolderGuid:963EC3EB4002CCE9759E2EBA541A873A
 |   |   |- Guid:316CF2A6494ACA4C0E4180A87D36AB8F NativeClass:/Script/Engine.ExponentialHeightFog Name:ExponentialHeightFog_0 Label:ExponentialHeightFog SpatiallyLoaded:false EditorBounds:IsValid=true, Min=(X=-5600.000 Y=-50.000 Z=-6850.000), Max=(X=-5600.000 Y=-50.000 Z=-6850.000) RuntimeBounds:IsValid=true, Min=(X=-5600.000 Y=-50.000 Z=-6850.000), Max=(X=-5600.000 Y=-50.000 Z=-6850.000) RuntimeGrid:None EditorOnly:false RuntimeOnly:false HLODRelevant:false ListedInSceneOutliner:true IsMainWorldOnly:false FolderPath:Lighting FolderGuid:963EC3EB4002CCE9759E2EBA541A873A
 |   |   |- Guid:31A24C604C887AE810E288A9892368DE NativeClass:/Script/Engine.StaticMeshActor Name:StaticMeshActor_UAID_40C2BA406274725C02_1458124715 Label:SM_Cube5 SpatiallyLoaded:true EditorBounds:IsValid=true, Min=(X=-90.000 Y=-1281.787 Z=0.000), Max=(X=850.522 Y=-923.874 Z=100.000) RuntimeBounds:IsValid=true, Min=(X=-90.000 Y=-1281.787 Z=0.000), Max=(X=850.522 Y=-923.874 Z=100.000) RuntimeGrid:None EditorOnly:false RuntimeOnly:false HLODRelevant:true ListedInSceneOutliner:true IsMainWorldOnly:false
 |   |   |- Guid:3A00AA1C422CE54C0BDB60BAF471BFBB NativeClass:/Script/Engine.PlayerStart Name:PlayerStart_0 Label:PlayerStart SpatiallyLoaded:false EditorBounds:IsValid=true, Min=(X=1182.000 Y=82.000 Z=-35.987), Max=(X=1550.000 Y=338.000 Z=220.013) RuntimeBounds:IsValid=true, Min=(X=1270.000 Y=170.000 Z=0.013), Max=(X=1350.000 Y=250.000 Z=184.013) RuntimeGrid:None EditorOnly:false RuntimeOnly:false HLODRelevant:false ListedInSceneOutliner:true IsMainWorldOnly:false
 |   |   |- Guid:42C2C6784C1F16367777CAA0376318D0 NativeClass:/Script/Engine.StaticMeshActor Name:StaticMeshActor_UAID_40C2BA406274725C02_1952736730 Label:SM_Cube18 SpatiallyLoaded:true EditorBounds:IsValid=true, Min=(X=4530.000 Y=3174.430 Z=0.000), Max=(X=5102.797 Y=4524.202 Z=100.000) RuntimeBounds:IsValid=true, Min=(X=4530.000 Y=3174.430 Z=0.000), Max=(X=5102.797 Y=4524.202 Z=100.000) RuntimeGrid:None EditorOnly:false RuntimeOnly:false HLODRelevant:true ListedInSceneOutliner:true IsMainWorldOnly:false
 |   |   |- Guid:4D3BE93F4146AAAC8BBE79999D96D57F NativeClass:/Script/Engine.VolumetricCloud Name:VolumetricCloud_0 Label:VolumetricCloud SpatiallyLoaded:false EditorBounds:IsValid=true, Min=(X=0.000 Y=0.000 Z=820.000), Max=(X=0.000 Y=0.000 Z=820.000) RuntimeBounds:IsValid=true, Min=(X=0.000 Y=0.000 Z=820.000), Max=(X=0.000 Y=0.000 Z=820.000) RuntimeGrid:None EditorOnly:false RuntimeOnly:false HLODRelevant:false ListedInSceneOutliner:true IsMainWorldOnly:false FolderPath:Lighting FolderGuid:963EC3EB4002CCE9759E2EBA541A873A
 |   |   |- Guid:57CA33EB483E0D97C1F25D83168F5AF4 NativeClass:/Script/Engine.StaticMeshActor Name:StaticMeshActor_UAID_40C2BA406274725C02_1920466728 Label:SM_Cube16 SpatiallyLoaded:true EditorBounds:IsValid=true, Min=(X=2660.000 Y=5535.125 Z=0.000), Max=(X=3532.508 Y=6096.603 Z=100.000) RuntimeBounds:IsValid=true, Min=(X=2660.000 Y=5535.125 Z=0.000), Max=(X=3532.508 Y=6096.603 Z=100.000) RuntimeGrid:None EditorOnly:false RuntimeOnly:false HLODRelevant:true ListedInSceneOutliner:true IsMainWorldOnly:false
 |   |   |- Guid:6BAF4DDD444C60371492D3919DB42C97 NativeClass:/Script/Engine.WorldDataLayers Name:WorldDataLayers Label:WorldDataLayers SpatiallyLoaded:false EditorBounds:IsValid=true, Min=(X=0.000 Y=0.000 Z=0.000), Max=(X=0.000 Y=0.000 Z=0.000) RuntimeBounds:IsValid=true, Min=(X=0.000 Y=0.000 Z=0.000), Max=(X=0.000 Y=0.000 Z=0.000) RuntimeGrid:None EditorOnly:false RuntimeOnly:false HLODRelevant:false ListedInSceneOutliner:true IsMainWorldOnly:true
 |   |   |- Guid:6D684FB44C52AF28D4D7B3AD4DC04954 NativeClass:/Script/Engine.StaticMeshActor Name:StaticMeshActor_UAID_40C2BA406274725C02_1485244716 Label:SM_Cube6 SpatiallyLoaded:true EditorBounds:IsValid=true, Min=(X=-940.000 Y=-1014.875 Z=0.000), Max=(X=-67.492 Y=-453.397 Z=100.000) RuntimeBounds:IsValid=true, Min=(X=-940.000 Y=-1014.875 Z=0.000), Max=(X=-67.492 Y=-453.397 Z=100.000) RuntimeGrid:None EditorOnly:false RuntimeOnly:false HLODRelevant:true ListedInSceneOutliner:true IsMainWorldOnly:false
 |   |   |- Guid:753073F04243374162B2D9B3940A3E96 NativeClass:/Script/Engine.StaticMeshActor Name:StaticMeshActor_UAID_40C2BA406274725C02_1813004722 Label:SM_Cube11 SpatiallyLoaded:true EditorBounds:IsValid=true, Min=(X=-2493.969 Y=3240.000 Z=0.000), Max=(X=-1921.172 Y=4589.772 Z=100.000) RuntimeBounds:IsValid=true, Min=(X=-2493.969 Y=3240.000 Z=0.000), Max=(X=-1921.172 Y=4589.772 Z=100.000) RuntimeGrid:None EditorOnly:false RuntimeOnly:false HLODRelevant:true ListedInSceneOutliner:true IsMainWorldOnly:false
 |   |   |- Guid:764A9ACD4E0FA96F391C6B8A57F223CA NativeClass:/Script/Engine.StaticMeshActor Name:StaticMeshActor_UAID_40C2BA406274725C02_1887021726 Label:SM_Cube14 SpatiallyLoaded:true EditorBounds:IsValid=true, Min=(X=820.000 Y=6260.000 Z=0.000), Max=(X=1769.750 Y=6360.000 Z=100.000) RuntimeBounds:IsValid=true, Min=(X=820.000 Y=6260.000 Z=0.000), Max=(X=1769.750 Y=6360.000 Z=100.000) RuntimeGrid:None EditorOnly:false RuntimeOnly:false HLODRelevant:true ListedInSceneOutliner:true IsMainWorldOnly:false
 |   |   |- Guid:7C9AC5DE4AB42D1B865437B4C5A02990 NativeClass:/Script/Engine.StaticMeshActor Name:StaticMeshActor_UAID_40C2BA406274725C02_1828595723 Label:SM_Cube8 SpatiallyLoaded:true EditorBounds:IsValid=true, Min=(X=-2000.711 Y=4540.000 Z=0.000), Max=(X=-869.340 Y=5671.371 Z=100.000) RuntimeBounds:IsValid=true, Min=(X=-2000.711 Y=4540.000 Z=0.000), Max=(X=-869.340 Y=5671.371 Z=100.000) RuntimeGrid:None EditorOnly:false RuntimeOnly:false HLODRelevant:true ListedInSceneOutliner:true IsMainWorldOnly:false
 |   |   |- Guid:7D5FF13A43C29A91A77144951D40184A NativeClass:/Script/Engine.StaticMeshActor Name:StaticMeshActor_UAID_40C2BA406274725C02_1986772731 Label:SM_Cube19 SpatiallyLoaded:true EditorBounds:IsValid=true, Min=(X=5000.000 Y=1800.000 Z=0.000), Max=(X=5100.000 Y=3200.000 Z=100.000) RuntimeBounds:IsValid=true, Min=(X=5000.000 Y=1800.000 Z=0.000), Max=(X=5100.000 Y=3200.000 Z=100.000) RuntimeGrid:None EditorOnly:false RuntimeOnly:false HLODRelevant:true ListedInSceneOutliner:true IsMainWorldOnly:false
 |   |   |- Guid:880FC77A43005295BE6789B34D01B963 NativeClass:/Script/Engine.StaticMeshActor Name:StaticMeshActor_UAID_40C2BA406274725C02_1370845712 Label:SM_Cube3 SpatiallyLoaded:true EditorBounds:IsValid=true, Min=(X=1742.436 Y=-1280.000 Z=0.000), Max=(X=2682.958 Y=-922.087 Z=100.000) RuntimeBounds:IsValid=true, Min=(X=1742.436 Y=-1280.000 Z=0.000), Max=(X=2682.958 Y=-922.087 Z=100.000) RuntimeGrid:None EditorOnly:false RuntimeOnly:false HLODRelevant:true ListedInSceneOutliner:true IsMainWorldOnly:false
 |   |   |- Guid:95C1D35945910E63D5F2608604280D7C NativeClass:/Script/Engine.StaticMeshActor Name:StaticMeshActor_UAID_40C2BA406274725C02_1407720713 Label:SM_Cylinder SpatiallyLoaded:true EditorBounds:IsValid=true, Min=(X=1140.000 Y=-2020.000 Z=10.000), Max=(X=1440.000 Y=-820.000 Z=310.000) RuntimeBounds:IsValid=true, Min=(X=1140.000 Y=-2020.000 Z=10.000), Max=(X=1440.000 Y=-820.000 Z=310.000) RuntimeGrid:None EditorOnly:false RuntimeOnly:false HLODRelevant:true ListedInSceneOutliner:true IsMainWorldOnly:false
 |   |   |- Guid:97F37CCB4E3D161031BCCD8C6E288E5E NativeClass:/Script/Engine.StaticMeshActor Name:StaticMeshActor_UAID_40C2BA406274725C02_1849198724 Label:SM_Cube12 SpatiallyLoaded:true EditorBounds:IsValid=true, Min=(X=-920.000 Y=5590.000 Z=0.000), Max=(X=-47.492 Y=6151.478 Z=100.000) RuntimeBounds:IsValid=true, Min=(X=-920.000 Y=5590.000 Z=0.000), Max=(X=-47.492 Y=6151.478 Z=100.000) RuntimeGrid:None EditorOnly:false RuntimeOnly:false HLODRelevant:true ListedInSceneOutliner:true IsMainWorldOnly:false
 |   |   |- Guid:9FEAA8E542CBB8540E2F449313C8F443 NativeClass:/Script/Engine.StaticMeshActor Name:StaticMeshActor_UAID_40C2BA406274725C02_1719156719 Label:SM_Cube9 SpatiallyLoaded:true EditorBounds:IsValid=true, Min=(X=-2510.000 Y=534.430 Z=0.000), Max=(X=-1937.203 Y=1884.202 Z=100.000) RuntimeBounds:IsValid=true, Min=(X=-2510.000 Y=534.430 Z=0.000), Max=(X=-1937.203 Y=1884.202 Z=100.000) RuntimeGrid:None EditorOnly:false RuntimeOnly:false HLODRelevant:true ListedInSceneOutliner:true IsMainWorldOnly:false
 |   |   |- Guid:A7D93BCF483F15EEE1DEC2BAF278DD27 NativeClass:/Script/Engine.StaticMeshActor Name:StaticMeshActor_UAID_40C2BA406274725C02_1869935725 Label:SM_Cube13 SpatiallyLoaded:true EditorBounds:IsValid=true, Min=(X=-117.564 Y=6000.000 Z=0.000), Max=(X=822.958 Y=6357.913 Z=100.000) RuntimeBounds:IsValid=true, Min=(X=-117.564 Y=6000.000 Z=0.000), Max=(X=822.958 Y=6357.913 Z=100.000) RuntimeGrid:None EditorOnly:false RuntimeOnly:false HLODRelevant:true ListedInSceneOutliner:true IsMainWorldOnly:false
 |   |   |- Guid:B785ED2844B84CFB91E7F39FE661CD99 NativeClass:/Script/Engine.DirectionalLight Name:DirectionalLight_0 Label:DirectionalLight SpatiallyLoaded:false EditorBounds:IsValid=true, Min=(X=-1048576.000 Y=-1048576.000 Z=-1048576.000), Max=(X=1048576.000 Y=1048576.000 Z=1048576.000) RuntimeBounds:IsValid=true, Min=(X=-1048576.000 Y=-1048576.000 Z=-1048576.000), Max=(X=1048576.000 Y=1048576.000 Z=1048576.000) RuntimeGrid:None EditorOnly:false RuntimeOnly:false HLODRelevant:false ListedInSceneOutliner:true IsMainWorldOnly:false FolderPath:Lighting FolderGuid:963EC3EB4002CCE9759E2EBA541A873A
 |   |   |- Guid:C974643943EAC418A08275AC191B7748 NativeClass:/Script/Engine.StaticMeshActor Name:StaticMeshActor_UAID_40C2BA406274725C02_1785621720 Label:SM_Cube10 SpatiallyLoaded:true EditorBounds:IsValid=true, Min=(X=-2500.000 Y=1860.000 Z=0.000), Max=(X=-2400.000 Y=3260.000 Z=100.000) RuntimeBounds:IsValid=true, Min=(X=-2500.000 Y=1860.000 Z=0.000), Max=(X=-2400.000 Y=3260.000 Z=100.000) RuntimeGrid:None EditorOnly:false RuntimeOnly:false HLODRelevant:true ListedInSceneOutliner:true IsMainWorldOnly:false
 |   |   |- Guid:CCFF262C46EEFFDF319E7F9539CE697E NativeClass:/Script/Engine.SkyAtmosphere Name:SkyAtmosphere_0 Label:SkyAtmosphere SpatiallyLoaded:false EditorBounds:IsValid=true, Min=(X=0.000 Y=0.000 Z=1020.000), Max=(X=0.000 Y=0.000 Z=1020.000) RuntimeBounds:IsValid=true, Min=(X=0.000 Y=0.000 Z=1020.000), Max=(X=0.000 Y=0.000 Z=1020.000) RuntimeGrid:None EditorOnly:false RuntimeOnly:false HLODRelevant:false ListedInSceneOutliner:true IsMainWorldOnly:false FolderPath:Lighting FolderGuid:963EC3EB4002CCE9759E2EBA541A873A
 |   |   |- Guid:EC4E0C944CE6AC6E784BC6BB2916EA13 NativeClass:/Script/Engine.StaticMeshActor Name:StaticMeshActor_UAID_A4AE111137DC5EFB00_1110535423 Label:SM_SkySphere SpatiallyLoaded:false EditorBounds:IsValid=true, Min=(X=-1638400.000 Y=-1638400.000 Z=-1638400.000), Max=(X=1638400.000 Y=1638400.000 Z=1638400.000) RuntimeBounds:IsValid=true, Min=(X=-1638400.000 Y=-1638400.000 Z=-1638400.000), Max=(X=1638400.000 Y=1638400.000 Z=1638400.000) RuntimeGrid:None EditorOnly:false RuntimeOnly:false HLODRelevant:true ListedInSceneOutliner:true IsMainWorldOnly:false FolderPath:Lighting FolderGuid:963EC3EB4002CCE9759E2EBA541A873A
 |   |   |- Guid:ED16393F4ABE0CFBAA210486B933754A NativeClass:/Script/Engine.StaticMeshActor Name:StaticMeshActor_UAID_40C2BA406274725C02_1334022711 Label:SM_Cube2 SpatiallyLoaded:true EditorBounds:IsValid=true, Min=(X=2660.000 Y=-1020.000 Z=0.000), Max=(X=3532.508 Y=-458.522 Z=100.000) RuntimeBounds:IsValid=true, Min=(X=2660.000 Y=-1020.000 Z=0.000), Max=(X=3532.508 Y=-458.522 Z=100.000) RuntimeGrid:None EditorOnly:false RuntimeOnly:false HLODRelevant:true ListedInSceneOutliner:true IsMainWorldOnly:false
 |   |   |- Guid:EE23927345C8816A1148458FC19D8CAA NativeClass:/Script/Engine.StaticMeshActor Name:StaticMeshActor_UAID_40C2BA406274725C02_1904928727 Label:SM_Cube15 SpatiallyLoaded:true EditorBounds:IsValid=true, Min=(X=1760.000 Y=6008.213 Z=0.000), Max=(X=2700.522 Y=6366.126 Z=100.000) RuntimeBounds:IsValid=true, Min=(X=1760.000 Y=6008.213 Z=0.000), Max=(X=2700.522 Y=6366.126 Z=100.000) RuntimeGrid:None EditorOnly:false RuntimeOnly:false HLODRelevant:true ListedInSceneOutliner:true IsMainWorldOnly:false
 |   |   |- Guid:F1924B8D48954B30891B2DB6A694F9CC NativeClass:/Script/Engine.StaticMeshActor Name:StaticMeshActor_1 Label:SM_Cube SpatiallyLoaded:true EditorBounds:IsValid=true, Min=(X=-2439.998 Y=-1209.997 Z=-50.000), Max=(X=5060.000 Y=6289.999 Z=0.000) RuntimeBounds:IsValid=true, Min=(X=-2439.998 Y=-1209.997 Z=-50.000), Max=(X=5060.000 Y=6289.999 Z=0.000) RuntimeGrid:None EditorOnly:false RuntimeOnly:false HLODRelevant:true ListedInSceneOutliner:true IsMainWorldOnly:false FolderPath:Playground FolderGuid:C73F09FC4215536B1DCE2A9E0A830C70
 |   |   |- Guid:F19F02654DA0227BB1580BA544EEDACB NativeClass:/Script/Engine.StaticMeshActor Name:StaticMeshActor_UAID_40C2BA406274725C02_2013838732 Label:SM_Cube20 SpatiallyLoaded:true EditorBounds:IsValid=true, Min=(X=4526.031 Y=570.000 Z=0.000), Max=(X=5098.828 Y=1919.772 Z=100.000) RuntimeBounds:IsValid=true, Min=(X=4526.031 Y=570.000 Z=0.000), Max=(X=5098.828 Y=1919.772 Z=100.000) RuntimeGrid:None EditorOnly:false RuntimeOnly:false HLODRelevant:true ListedInSceneOutliner:true IsMainWorldOnly:false
 |   |   |- Guid:F5E3FEB3450C49844FD93DA8E083C8AD NativeClass:/Script/Engine.PostProcessVolume Name:PostProcessVolume_0 Label:PostProcessVolume SpatiallyLoaded:false EditorBounds:IsValid=true, Min=(X=0.000 Y=0.000 Z=400.000), Max=(X=200.000 Y=200.000 Z=600.000) RuntimeBounds:IsValid=true, Min=(X=0.000 Y=0.000 Z=400.000), Max=(X=200.000 Y=200.000 Z=600.000) RuntimeGrid:None EditorOnly:false RuntimeOnly:false HLODRelevant:false ListedInSceneOutliner:true IsMainWorldOnly:false FolderPath:Lighting FolderGuid:963EC3EB4002CCE9759E2EBA541A873A
 |   |- [+] Clusters:
 |   |   |- [+] [  0]
 |   |   |   |- Guid:0FCBF0C943747A6AE040EF860E7F9060 NativeClass:/Script/Engine.StaticMeshActor Name:StaticMeshActor_UAID_40C2BA406274725C02_1934651729 Label:SM_Cube17 SpatiallyLoaded:true EditorBounds:IsValid=true, Min=(X=3480.000 Y=4479.340 Z=0.000), Max=(X=4611.371 Y=5610.711 Z=100.000) RuntimeBounds:IsValid=true, Min=(X=3480.000 Y=4479.340 Z=0.000), Max=(X=4611.371 Y=5610.711 Z=100.000) RuntimeGrid:None EditorOnly:false RuntimeOnly:false HLODRelevant:true ListedInSceneOutliner:true IsMainWorldOnly:false
 |   |   |- [+] [  1]
 |   |   |   |- Guid:2153AA904D4C62F708D4E7AA482B32D4 NativeClass:/Script/Engine.StaticMeshActor Name:StaticMeshActor_UAID_40C2BA406274725C02_2040090733 Label:SM_Cube21 SpatiallyLoaded:true EditorBounds:IsValid=true, Min=(X=3489.289 Y=-540.000 Z=0.000), Max=(X=4620.660 Y=591.371 Z=100.000) RuntimeBounds:IsValid=true, Min=(X=3489.289 Y=-540.000 Z=0.000), Max=(X=4620.660 Y=591.371 Z=100.000) RuntimeGrid:None EditorOnly:false RuntimeOnly:false HLODRelevant:true ListedInSceneOutliner:true IsMainWorldOnly:false
 |   |   |- [+] [  2]
 |   |   |   |- Guid:22668EB54B15EE039BE27B8BF7F01D67 NativeClass:/Script/Engine.StaticMeshActor Name:StaticMeshActor_UAID_40C2BA406274725C02_1443690714 Label:SM_Cube4 SpatiallyLoaded:true EditorBounds:IsValid=true, Min=(X=820.000 Y=-1280.000 Z=0.000), Max=(X=1769.750 Y=-1180.000 Z=100.000) RuntimeBounds:IsValid=true, Min=(X=820.000 Y=-1280.000 Z=0.000), Max=(X=1769.750 Y=-1180.000 Z=100.000) RuntimeGrid:None EditorOnly:false RuntimeOnly:false HLODRelevant:true ListedInSceneOutliner:true IsMainWorldOnly:false
 |   |   |- [+] [  3]
 |   |   |   |- Guid:2B455FAB4BE78E5BDBC14B886508F547 NativeClass:/Script/Engine.StaticMeshActor Name:StaticMeshActor_UAID_40C2BA406274725C02_1548184717 Label:SM_Cube7 SpatiallyLoaded:true EditorBounds:IsValid=true, Min=(X=-2010.000 Y=-540.660 Z=0.000), Max=(X=-878.629 Y=590.711 Z=100.000) RuntimeBounds:IsValid=true, Min=(X=-2010.000 Y=-540.660 Z=0.000), Max=(X=-878.629 Y=590.711 Z=100.000) RuntimeGrid:None EditorOnly:false RuntimeOnly:false HLODRelevant:true ListedInSceneOutliner:true IsMainWorldOnly:false
 |   |   |- [+] [  4]
 |   |   |   |- Guid:2FB58999456391D349DC0F86DAC136ED NativeClass:/Script/Engine.SkyLight Name:SkyLight_1 Label:SkyLight SpatiallyLoaded:false EditorBounds:IsValid=true, Min=(X=0.000 Y=0.000 Z=690.000), Max=(X=0.000 Y=0.000 Z=690.000) RuntimeBounds:IsValid=true, Min=(X=0.000 Y=0.000 Z=690.000), Max=(X=0.000 Y=0.000 Z=690.000) RuntimeGrid:None EditorOnly:false RuntimeOnly:false HLODRelevant:false ListedInSceneOutliner:true IsMainWorldOnly:false FolderPath:Lighting FolderGuid:963EC3EB4002CCE9759E2EBA541A873A
 |   |   |- [+] [  5]
 |   |   |   |- Guid:316CF2A6494ACA4C0E4180A87D36AB8F NativeClass:/Script/Engine.ExponentialHeightFog Name:ExponentialHeightFog_0 Label:ExponentialHeightFog SpatiallyLoaded:false EditorBounds:IsValid=true, Min=(X=-5600.000 Y=-50.000 Z=-6850.000), Max=(X=-5600.000 Y=-50.000 Z=-6850.000) RuntimeBounds:IsValid=true, Min=(X=-5600.000 Y=-50.000 Z=-6850.000), Max=(X=-5600.000 Y=-50.000 Z=-6850.000) RuntimeGrid:None EditorOnly:false RuntimeOnly:false HLODRelevant:false ListedInSceneOutliner:true IsMainWorldOnly:false FolderPath:Lighting FolderGuid:963EC3EB4002CCE9759E2EBA541A873A
 |   |   |- [+] [  6]
 |   |   |   |- Guid:31A24C604C887AE810E288A9892368DE NativeClass:/Script/Engine.StaticMeshActor Name:StaticMeshActor_UAID_40C2BA406274725C02_1458124715 Label:SM_Cube5 SpatiallyLoaded:true EditorBounds:IsValid=true, Min=(X=-90.000 Y=-1281.787 Z=0.000), Max=(X=850.522 Y=-923.874 Z=100.000) RuntimeBounds:IsValid=true, Min=(X=-90.000 Y=-1281.787 Z=0.000), Max=(X=850.522 Y=-923.874 Z=100.000) RuntimeGrid:None EditorOnly:false RuntimeOnly:false HLODRelevant:true ListedInSceneOutliner:true IsMainWorldOnly:false
 |   |   |- [+] [  7]
 |   |   |   |- Guid:3A00AA1C422CE54C0BDB60BAF471BFBB NativeClass:/Script/Engine.PlayerStart Name:PlayerStart_0 Label:PlayerStart SpatiallyLoaded:false EditorBounds:IsValid=true, Min=(X=1182.000 Y=82.000 Z=-35.987), Max=(X=1550.000 Y=338.000 Z=220.013) RuntimeBounds:IsValid=true, Min=(X=1270.000 Y=170.000 Z=0.013), Max=(X=1350.000 Y=250.000 Z=184.013) RuntimeGrid:None EditorOnly:false RuntimeOnly:false HLODRelevant:false ListedInSceneOutliner:true IsMainWorldOnly:false
 |   |   |- [+] [  8]
 |   |   |   |- Guid:42C2C6784C1F16367777CAA0376318D0 NativeClass:/Script/Engine.StaticMeshActor Name:StaticMeshActor_UAID_40C2BA406274725C02_1952736730 Label:SM_Cube18 SpatiallyLoaded:true EditorBounds:IsValid=true, Min=(X=4530.000 Y=3174.430 Z=0.000), Max=(X=5102.797 Y=4524.202 Z=100.000) RuntimeBounds:IsValid=true, Min=(X=4530.000 Y=3174.430 Z=0.000), Max=(X=5102.797 Y=4524.202 Z=100.000) RuntimeGrid:None EditorOnly:false RuntimeOnly:false HLODRelevant:true ListedInSceneOutliner:true IsMainWorldOnly:false
 |   |   |- [+] [  9]
 |   |   |   |- Guid:4D3BE93F4146AAAC8BBE79999D96D57F NativeClass:/Script/Engine.VolumetricCloud Name:VolumetricCloud_0 Label:VolumetricCloud SpatiallyLoaded:false EditorBounds:IsValid=true, Min=(X=0.000 Y=0.000 Z=820.000), Max=(X=0.000 Y=0.000 Z=820.000) RuntimeBounds:IsValid=true, Min=(X=0.000 Y=0.000 Z=820.000), Max=(X=0.000 Y=0.000 Z=820.000) RuntimeGrid:None EditorOnly:false RuntimeOnly:false HLODRelevant:false ListedInSceneOutliner:true IsMainWorldOnly:false FolderPath:Lighting FolderGuid:963EC3EB4002CCE9759E2EBA541A873A
 |   |   |- [+] [ 10]
 |   |   |   |- Guid:57CA33EB483E0D97C1F25D83168F5AF4 NativeClass:/Script/Engine.StaticMeshActor Name:StaticMeshActor_UAID_40C2BA406274725C02_1920466728 Label:SM_Cube16 SpatiallyLoaded:true EditorBounds:IsValid=true, Min=(X=2660.000 Y=5535.125 Z=0.000), Max=(X=3532.508 Y=6096.603 Z=100.000) RuntimeBounds:IsValid=true, Min=(X=2660.000 Y=5535.125 Z=0.000), Max=(X=3532.508 Y=6096.603 Z=100.000) RuntimeGrid:None EditorOnly:false RuntimeOnly:false HLODRelevant:true ListedInSceneOutliner:true IsMainWorldOnly:false
 |   |   |- [+] [ 11]
 |   |   |   |- Guid:6BAF4DDD444C60371492D3919DB42C97 NativeClass:/Script/Engine.WorldDataLayers Name:WorldDataLayers Label:WorldDataLayers SpatiallyLoaded:false EditorBounds:IsValid=true, Min=(X=0.000 Y=0.000 Z=0.000), Max=(X=0.000 Y=0.000 Z=0.000) RuntimeBounds:IsValid=true, Min=(X=0.000 Y=0.000 Z=0.000), Max=(X=0.000 Y=0.000 Z=0.000) RuntimeGrid:None EditorOnly:false RuntimeOnly:false HLODRelevant:false ListedInSceneOutliner:true IsMainWorldOnly:true
 |   |   |- [+] [ 12]
 |   |   |   |- Guid:6D684FB44C52AF28D4D7B3AD4DC04954 NativeClass:/Script/Engine.StaticMeshActor Name:StaticMeshActor_UAID_40C2BA406274725C02_1485244716 Label:SM_Cube6 SpatiallyLoaded:true EditorBounds:IsValid=true, Min=(X=-940.000 Y=-1014.875 Z=0.000), Max=(X=-67.492 Y=-453.397 Z=100.000) RuntimeBounds:IsValid=true, Min=(X=-940.000 Y=-1014.875 Z=0.000), Max=(X=-67.492 Y=-453.397 Z=100.000) RuntimeGrid:None EditorOnly:false RuntimeOnly:false HLODRelevant:true ListedInSceneOutliner:true IsMainWorldOnly:false
 |   |   |- [+] [ 13]
 |   |   |   |- Guid:753073F04243374162B2D9B3940A3E96 NativeClass:/Script/Engine.StaticMeshActor Name:StaticMeshActor_UAID_40C2BA406274725C02_1813004722 Label:SM_Cube11 SpatiallyLoaded:true EditorBounds:IsValid=true, Min=(X=-2493.969 Y=3240.000 Z=0.000), Max=(X=-1921.172 Y=4589.772 Z=100.000) RuntimeBounds:IsValid=true, Min=(X=-2493.969 Y=3240.000 Z=0.000), Max=(X=-1921.172 Y=4589.772 Z=100.000) RuntimeGrid:None EditorOnly:false RuntimeOnly:false HLODRelevant:true ListedInSceneOutliner:true IsMainWorldOnly:false
 |   |   |- [+] [ 14]
 |   |   |   |- Guid:764A9ACD4E0FA96F391C6B8A57F223CA NativeClass:/Script/Engine.StaticMeshActor Name:StaticMeshActor_UAID_40C2BA406274725C02_1887021726 Label:SM_Cube14 SpatiallyLoaded:true EditorBounds:IsValid=true, Min=(X=820.000 Y=6260.000 Z=0.000), Max=(X=1769.750 Y=6360.000 Z=100.000) RuntimeBounds:IsValid=true, Min=(X=820.000 Y=6260.000 Z=0.000), Max=(X=1769.750 Y=6360.000 Z=100.000) RuntimeGrid:None EditorOnly:false RuntimeOnly:false HLODRelevant:true ListedInSceneOutliner:true IsMainWorldOnly:false
 |   |   |- [+] [ 15]
 |   |   |   |- Guid:7C9AC5DE4AB42D1B865437B4C5A02990 NativeClass:/Script/Engine.StaticMeshActor Name:StaticMeshActor_UAID_40C2BA406274725C02_1828595723 Label:SM_Cube8 SpatiallyLoaded:true EditorBounds:IsValid=true, Min=(X=-2000.711 Y=4540.000 Z=0.000), Max=(X=-869.340 Y=5671.371 Z=100.000) RuntimeBounds:IsValid=true, Min=(X=-2000.711 Y=4540.000 Z=0.000), Max=(X=-869.340 Y=5671.371 Z=100.000) RuntimeGrid:None EditorOnly:false RuntimeOnly:false HLODRelevant:true ListedInSceneOutliner:true IsMainWorldOnly:false
 |   |   |- [+] [ 16]
 |   |   |   |- Guid:7D5FF13A43C29A91A77144951D40184A NativeClass:/Script/Engine.StaticMeshActor Name:StaticMeshActor_UAID_40C2BA406274725C02_1986772731 Label:SM_Cube19 SpatiallyLoaded:true EditorBounds:IsValid=true, Min=(X=5000.000 Y=1800.000 Z=0.000), Max=(X=5100.000 Y=3200.000 Z=100.000) RuntimeBounds:IsValid=true, Min=(X=5000.000 Y=1800.000 Z=0.000), Max=(X=5100.000 Y=3200.000 Z=100.000) RuntimeGrid:None EditorOnly:false RuntimeOnly:false HLODRelevant:true ListedInSceneOutliner:true IsMainWorldOnly:false
 |   |   |- [+] [ 17]
 |   |   |   |- Guid:880FC77A43005295BE6789B34D01B963 NativeClass:/Script/Engine.StaticMeshActor Name:StaticMeshActor_UAID_40C2BA406274725C02_1370845712 Label:SM_Cube3 SpatiallyLoaded:true EditorBounds:IsValid=true, Min=(X=1742.436 Y=-1280.000 Z=0.000), Max=(X=2682.958 Y=-922.087 Z=100.000) RuntimeBounds:IsValid=true, Min=(X=1742.436 Y=-1280.000 Z=0.000), Max=(X=2682.958 Y=-922.087 Z=100.000) RuntimeGrid:None EditorOnly:false RuntimeOnly:false HLODRelevant:true ListedInSceneOutliner:true IsMainWorldOnly:false
 |   |   |- [+] [ 18]
 |   |   |   |- Guid:95C1D35945910E63D5F2608604280D7C NativeClass:/Script/Engine.StaticMeshActor Name:StaticMeshActor_UAID_40C2BA406274725C02_1407720713 Label:SM_Cylinder SpatiallyLoaded:true EditorBounds:IsValid=true, Min=(X=1140.000 Y=-2020.000 Z=10.000), Max=(X=1440.000 Y=-820.000 Z=310.000) RuntimeBounds:IsValid=true, Min=(X=1140.000 Y=-2020.000 Z=10.000), Max=(X=1440.000 Y=-820.000 Z=310.000) RuntimeGrid:None EditorOnly:false RuntimeOnly:false HLODRelevant:true ListedInSceneOutliner:true IsMainWorldOnly:false
 |   |   |- [+] [ 19]
 |   |   |   |- Guid:97F37CCB4E3D161031BCCD8C6E288E5E NativeClass:/Script/Engine.StaticMeshActor Name:StaticMeshActor_UAID_40C2BA406274725C02_1849198724 Label:SM_Cube12 SpatiallyLoaded:true EditorBounds:IsValid=true, Min=(X=-920.000 Y=5590.000 Z=0.000), Max=(X=-47.492 Y=6151.478 Z=100.000) RuntimeBounds:IsValid=true, Min=(X=-920.000 Y=5590.000 Z=0.000), Max=(X=-47.492 Y=6151.478 Z=100.000) RuntimeGrid:None EditorOnly:false RuntimeOnly:false HLODRelevant:true ListedInSceneOutliner:true IsMainWorldOnly:false
 |   |   |- [+] [ 20]
 |   |   |   |- Guid:9FEAA8E542CBB8540E2F449313C8F443 NativeClass:/Script/Engine.StaticMeshActor Name:StaticMeshActor_UAID_40C2BA406274725C02_1719156719 Label:SM_Cube9 SpatiallyLoaded:true EditorBounds:IsValid=true, Min=(X=-2510.000 Y=534.430 Z=0.000), Max=(X=-1937.203 Y=1884.202 Z=100.000) RuntimeBounds:IsValid=true, Min=(X=-2510.000 Y=534.430 Z=0.000), Max=(X=-1937.203 Y=1884.202 Z=100.000) RuntimeGrid:None EditorOnly:false RuntimeOnly:false HLODRelevant:true ListedInSceneOutliner:true IsMainWorldOnly:false
 |   |   |- [+] [ 21]
 |   |   |   |- Guid:A7D93BCF483F15EEE1DEC2BAF278DD27 NativeClass:/Script/Engine.StaticMeshActor Name:StaticMeshActor_UAID_40C2BA406274725C02_1869935725 Label:SM_Cube13 SpatiallyLoaded:true EditorBounds:IsValid=true, Min=(X=-117.564 Y=6000.000 Z=0.000), Max=(X=822.958 Y=6357.913 Z=100.000) RuntimeBounds:IsValid=true, Min=(X=-117.564 Y=6000.000 Z=0.000), Max=(X=822.958 Y=6357.913 Z=100.000) RuntimeGrid:None EditorOnly:false RuntimeOnly:false HLODRelevant:true ListedInSceneOutliner:true IsMainWorldOnly:false
 |   |   |- [+] [ 22]
 |   |   |   |- Guid:B785ED2844B84CFB91E7F39FE661CD99 NativeClass:/Script/Engine.DirectionalLight Name:DirectionalLight_0 Label:DirectionalLight SpatiallyLoaded:false EditorBounds:IsValid=true, Min=(X=-1048576.000 Y=-1048576.000 Z=-1048576.000), Max=(X=1048576.000 Y=1048576.000 Z=1048576.000) RuntimeBounds:IsValid=true, Min=(X=-1048576.000 Y=-1048576.000 Z=-1048576.000), Max=(X=1048576.000 Y=1048576.000 Z=1048576.000) RuntimeGrid:None EditorOnly:false RuntimeOnly:false HLODRelevant:false ListedInSceneOutliner:true IsMainWorldOnly:false FolderPath:Lighting FolderGuid:963EC3EB4002CCE9759E2EBA541A873A
 |   |   |- [+] [ 23]
 |   |   |   |- Guid:C974643943EAC418A08275AC191B7748 NativeClass:/Script/Engine.StaticMeshActor Name:StaticMeshActor_UAID_40C2BA406274725C02_1785621720 Label:SM_Cube10 SpatiallyLoaded:true EditorBounds:IsValid=true, Min=(X=-2500.000 Y=1860.000 Z=0.000), Max=(X=-2400.000 Y=3260.000 Z=100.000) RuntimeBounds:IsValid=true, Min=(X=-2500.000 Y=1860.000 Z=0.000), Max=(X=-2400.000 Y=3260.000 Z=100.000) RuntimeGrid:None EditorOnly:false RuntimeOnly:false HLODRelevant:true ListedInSceneOutliner:true IsMainWorldOnly:false
 |   |   |- [+] [ 24]
 |   |   |   |- Guid:CCFF262C46EEFFDF319E7F9539CE697E NativeClass:/Script/Engine.SkyAtmosphere Name:SkyAtmosphere_0 Label:SkyAtmosphere SpatiallyLoaded:false EditorBounds:IsValid=true, Min=(X=0.000 Y=0.000 Z=1020.000), Max=(X=0.000 Y=0.000 Z=1020.000) RuntimeBounds:IsValid=true, Min=(X=0.000 Y=0.000 Z=1020.000), Max=(X=0.000 Y=0.000 Z=1020.000) RuntimeGrid:None EditorOnly:false RuntimeOnly:false HLODRelevant:false ListedInSceneOutliner:true IsMainWorldOnly:false FolderPath:Lighting FolderGuid:963EC3EB4002CCE9759E2EBA541A873A
 |   |   |- [+] [ 25]
 |   |   |   |- Guid:EC4E0C944CE6AC6E784BC6BB2916EA13 NativeClass:/Script/Engine.StaticMeshActor Name:StaticMeshActor_UAID_A4AE111137DC5EFB00_1110535423 Label:SM_SkySphere SpatiallyLoaded:false EditorBounds:IsValid=true, Min=(X=-1638400.000 Y=-1638400.000 Z=-1638400.000), Max=(X=1638400.000 Y=1638400.000 Z=1638400.000) RuntimeBounds:IsValid=true, Min=(X=-1638400.000 Y=-1638400.000 Z=-1638400.000), Max=(X=1638400.000 Y=1638400.000 Z=1638400.000) RuntimeGrid:None EditorOnly:false RuntimeOnly:false HLODRelevant:true ListedInSceneOutliner:true IsMainWorldOnly:false FolderPath:Lighting FolderGuid:963EC3EB4002CCE9759E2EBA541A873A
 |   |   |- [+] [ 26]
 |   |   |   |- Guid:ED16393F4ABE0CFBAA210486B933754A NativeClass:/Script/Engine.StaticMeshActor Name:StaticMeshActor_UAID_40C2BA406274725C02_1334022711 Label:SM_Cube2 SpatiallyLoaded:true EditorBounds:IsValid=true, Min=(X=2660.000 Y=-1020.000 Z=0.000), Max=(X=3532.508 Y=-458.522 Z=100.000) RuntimeBounds:IsValid=true, Min=(X=2660.000 Y=-1020.000 Z=0.000), Max=(X=3532.508 Y=-458.522 Z=100.000) RuntimeGrid:None EditorOnly:false RuntimeOnly:false HLODRelevant:true ListedInSceneOutliner:true IsMainWorldOnly:false
 |   |   |- [+] [ 27]
 |   |   |   |- Guid:EE23927345C8816A1148458FC19D8CAA NativeClass:/Script/Engine.StaticMeshActor Name:StaticMeshActor_UAID_40C2BA406274725C02_1904928727 Label:SM_Cube15 SpatiallyLoaded:true EditorBounds:IsValid=true, Min=(X=1760.000 Y=6008.213 Z=0.000), Max=(X=2700.522 Y=6366.126 Z=100.000) RuntimeBounds:IsValid=true, Min=(X=1760.000 Y=6008.213 Z=0.000), Max=(X=2700.522 Y=6366.126 Z=100.000) RuntimeGrid:None EditorOnly:false RuntimeOnly:false HLODRelevant:true ListedInSceneOutliner:true IsMainWorldOnly:false
 |   |   |- [+] [ 28]
 |   |   |   |- Guid:F1924B8D48954B30891B2DB6A694F9CC NativeClass:/Script/Engine.StaticMeshActor Name:StaticMeshActor_1 Label:SM_Cube SpatiallyLoaded:true EditorBounds:IsValid=true, Min=(X=-2439.998 Y=-1209.997 Z=-50.000), Max=(X=5060.000 Y=6289.999 Z=0.000) RuntimeBounds:IsValid=true, Min=(X=-2439.998 Y=-1209.997 Z=-50.000), Max=(X=5060.000 Y=6289.999 Z=0.000) RuntimeGrid:None EditorOnly:false RuntimeOnly:false HLODRelevant:true ListedInSceneOutliner:true IsMainWorldOnly:false FolderPath:Playground FolderGuid:C73F09FC4215536B1DCE2A9E0A830C70
 |   |   |- [+] [ 29]
 |   |   |   |- Guid:F19F02654DA0227BB1580BA544EEDACB NativeClass:/Script/Engine.StaticMeshActor Name:StaticMeshActor_UAID_40C2BA406274725C02_2013838732 Label:SM_Cube20 SpatiallyLoaded:true EditorBounds:IsValid=true, Min=(X=4526.031 Y=570.000 Z=0.000), Max=(X=5098.828 Y=1919.772 Z=100.000) RuntimeBounds:IsValid=true, Min=(X=4526.031 Y=570.000 Z=0.000), Max=(X=5098.828 Y=1919.772 Z=100.000) RuntimeGrid:None EditorOnly:false RuntimeOnly:false HLODRelevant:true ListedInSceneOutliner:true IsMainWorldOnly:false
 |   |   |- [+] [ 30]
 |   |   |   |- Guid:F5E3FEB3450C49844FD93DA8E083C8AD NativeClass:/Script/Engine.PostProcessVolume Name:PostProcessVolume_0 Label:PostProcessVolume SpatiallyLoaded:false EditorBounds:IsValid=true, Min=(X=0.000 Y=0.000 Z=400.000), Max=(X=200.000 Y=200.000 Z=600.000) RuntimeBounds:IsValid=true, Min=(X=0.000 Y=0.000 Z=400.000), Max=(X=200.000 Y=200.000 Z=600.000) RuntimeGrid:None EditorOnly:false RuntimeOnly:false HLODRelevant:false ListedInSceneOutliner:true IsMainWorldOnly:false FolderPath:Lighting FolderGuid:963EC3EB4002CCE9759E2EBA541A873A
 |- ContainerInstances:
 |- [+] MainContainer:
 |   |-        ID: 00000000000000000000000000000000
 |   |-  ParentID: 00000000000000000000000000000000
 |   |-    Bounds: IsValid=false, Min=(X=0.000 Y=0.000 Z=0.000), Max=(X=0.000 Y=0.000 Z=0.000)
 |   |- Transform: 0.000000,0.000000,0.000000|0.000000,0.000000,-0.000000|1.000000,1.000000,1.000000
 |   |- Container: /Game/ThirdPerson/Maps/ThirdPersonMap
----------------------------------------------------------------------------------------------------------------
ThirdPersonMap - Persistent Level
----------------------------------------------------------------------------------------------------------------
[+] Content of ThirdPersonMap Persistent Level
 |- Always loaded Actor Count: 31 
 |- Actor Path: /Game/ThirdPerson/Maps/ThirdPersonMap.ThirdPersonMap:PersistentLevel.DirectionalLight_0
 |- Actor Package: /Game/__ExternalActors__/ThirdPerson/Maps/ThirdPersonMap/5/R1/TS5OQ5CRUWFZYL1ZQ7I416
 |- Actor Path: /Game/ThirdPerson/Maps/ThirdPersonMap.ThirdPersonMap:PersistentLevel.ExponentialHeightFog_0
 |- Actor Package: /Game/__ExternalActors__/ThirdPerson/Maps/ThirdPersonMap/6/J7/N10XDC9G27EMLS5AGZ6AVV
 |- Actor Path: /Game/ThirdPerson/Maps/ThirdPersonMap.ThirdPersonMap:PersistentLevel.PlayerStart_0
 |- Actor Package: /Game/__ExternalActors__/ThirdPerson/Maps/ThirdPersonMap/D/DE/SWSI13675DVYIZ0N4NF7Y3
 |- Actor Path: /Game/ThirdPerson/Maps/ThirdPersonMap.ThirdPersonMap:PersistentLevel.PostProcessVolume_0
 |- Actor Package: /Game/__ExternalActors__/ThirdPerson/Maps/ThirdPersonMap/1/AZ/A7GPT109Y6ZTTJD4A7TXER
 |- Actor Path: /Game/ThirdPerson/Maps/ThirdPersonMap.ThirdPersonMap:PersistentLevel.SkyAtmosphere_0
 |- Actor Package: /Game/__ExternalActors__/ThirdPerson/Maps/ThirdPersonMap/4/LN/30UBDLYFFA5ZR7U4W4L4GG
 |- Actor Path: /Game/ThirdPerson/Maps/ThirdPersonMap.ThirdPersonMap:PersistentLevel.SkyLight_1
 |- Actor Package: /Game/__ExternalActors__/ThirdPerson/Maps/ThirdPersonMap/8/S1/DXUWD12MD3HRWVVXX076BY
 |- Actor Path: /Game/ThirdPerson/Maps/ThirdPersonMap.ThirdPersonMap:PersistentLevel.StaticMeshActor_1
 |- Actor Package: /Game/__ExternalActors__/ThirdPerson/Maps/ThirdPersonMap/6/YO/NG2R9BPZVA7ZDN0Z4VSTG6
 |- Actor Path: /Game/ThirdPerson/Maps/ThirdPersonMap.ThirdPersonMap:PersistentLevel.StaticMeshActor_UAID_40C2BA406274725C02_1334022711
 |- Actor Package: /Game/__ExternalActors__/ThirdPerson/Maps/ThirdPersonMap/1/Y4/K2F73G6SB4SY7YAE0ZUNTD
 |- Actor Path: /Game/ThirdPerson/Maps/ThirdPersonMap.ThirdPersonMap:PersistentLevel.StaticMeshActor_UAID_40C2BA406274725C02_1370845712
 |- Actor Package: /Game/__ExternalActors__/ThirdPerson/Maps/ThirdPersonMap/9/2V/WMV2N7JBUEZD7T7DDUC2JL
 |- Actor Path: /Game/ThirdPerson/Maps/ThirdPersonMap.ThirdPersonMap:PersistentLevel.StaticMeshActor_UAID_40C2BA406274725C02_1407720713
 |- Actor Package: /Game/__ExternalActors__/ThirdPerson/Maps/ThirdPersonMap/7/JE/UM8V4L7DNDFYYPC38P2U3E
 |- Actor Path: /Game/ThirdPerson/Maps/ThirdPersonMap.ThirdPersonMap:PersistentLevel.StaticMeshActor_UAID_40C2BA406274725C02_1443690714
 |- Actor Package: /Game/__ExternalActors__/ThirdPerson/Maps/ThirdPersonMap/4/MC/L906YRW4A3AATJJRSLAJRE
 |- Actor Path: /Game/ThirdPerson/Maps/ThirdPersonMap.ThirdPersonMap:PersistentLevel.StaticMeshActor_UAID_40C2BA406274725C02_1458124715
 |- Actor Package: /Game/__ExternalActors__/ThirdPerson/Maps/ThirdPersonMap/2/1D/01W1BQ3QUN54OPTDUL5DME
 |- Actor Path: /Game/ThirdPerson/Maps/ThirdPersonMap.ThirdPersonMap:PersistentLevel.StaticMeshActor_UAID_40C2BA406274725C02_1485244716
 |- Actor Package: /Game/__ExternalActors__/ThirdPerson/Maps/ThirdPersonMap/C/BH/85DYXC1TAXJTXDH7B6MJW1
 |- Actor Path: /Game/ThirdPerson/Maps/ThirdPersonMap.ThirdPersonMap:PersistentLevel.StaticMeshActor_UAID_40C2BA406274725C02_1548184717
 |- Actor Package: /Game/__ExternalActors__/ThirdPerson/Maps/ThirdPersonMap/6/S8/8PMWH74XL38UN3A5LT0RJV
 |- Actor Path: /Game/ThirdPerson/Maps/ThirdPersonMap.ThirdPersonMap:PersistentLevel.StaticMeshActor_UAID_40C2BA406274725C02_1719156719
 |- Actor Package: /Game/__ExternalActors__/ThirdPerson/Maps/ThirdPersonMap/B/1A/IKMT51OVBKO06GSX86LX5W
 |- Actor Path: /Game/ThirdPerson/Maps/ThirdPersonMap.ThirdPersonMap:PersistentLevel.StaticMeshActor_UAID_40C2BA406274725C02_1785621720
 |- Actor Package: /Game/__ExternalActors__/ThirdPerson/Maps/ThirdPersonMap/9/XB/Y21OG3DAQQR3RTI77FX3TW
 |- Actor Path: /Game/ThirdPerson/Maps/ThirdPersonMap.ThirdPersonMap:PersistentLevel.StaticMeshActor_UAID_40C2BA406274725C02_1813004722
 |- Actor Package: /Game/__ExternalActors__/ThirdPerson/Maps/ThirdPersonMap/7/0A/ICHHSFB09NQPKBLFDV8JMV
 |- Actor Path: /Game/ThirdPerson/Maps/ThirdPersonMap.ThirdPersonMap:PersistentLevel.StaticMeshActor_UAID_40C2BA406274725C02_1828595723
 |- Actor Package: /Game/__ExternalActors__/ThirdPerson/Maps/ThirdPersonMap/0/PO/LV1NOFRDY4C6B72GSQK9JS
 |- Actor Path: /Game/ThirdPerson/Maps/ThirdPersonMap.ThirdPersonMap:PersistentLevel.StaticMeshActor_UAID_40C2BA406274725C02_1849198724
 |- Actor Package: /Game/__ExternalActors__/ThirdPerson/Maps/ThirdPersonMap/2/R3/ZZJWOXXJ2FBABXBQ8YCQKT
 |- Actor Path: /Game/ThirdPerson/Maps/ThirdPersonMap.ThirdPersonMap:PersistentLevel.StaticMeshActor_UAID_40C2BA406274725C02_1869935725
 |- Actor Package: /Game/__ExternalActors__/ThirdPerson/Maps/ThirdPersonMap/E/FO/7TPCO05X5HVXPN5B8LNMIR
 |- Actor Path: /Game/ThirdPerson/Maps/ThirdPersonMap.ThirdPersonMap:PersistentLevel.StaticMeshActor_UAID_40C2BA406274725C02_1887021726
 |- Actor Package: /Game/__ExternalActors__/ThirdPerson/Maps/ThirdPersonMap/2/9T/TLGUL5LGOX2CF45KPRWTST
 |- Actor Path: /Game/ThirdPerson/Maps/ThirdPersonMap.ThirdPersonMap:PersistentLevel.StaticMeshActor_UAID_40C2BA406274725C02_1904928727
 |- Actor Package: /Game/__ExternalActors__/ThirdPerson/Maps/ThirdPersonMap/4/98/RM6YC1QVSGZJZL5653NKKR
 |- Actor Path: /Game/ThirdPerson/Maps/ThirdPersonMap.ThirdPersonMap:PersistentLevel.StaticMeshActor_UAID_40C2BA406274725C02_1920466728
 |- Actor Package: /Game/__ExternalActors__/ThirdPerson/Maps/ThirdPersonMap/0/FA/6SNC3AOXN463258456IM5P
 |- Actor Path: /Game/ThirdPerson/Maps/ThirdPersonMap.ThirdPersonMap:PersistentLevel.StaticMeshActor_UAID_40C2BA406274725C02_1934651729
 |- Actor Package: /Game/__ExternalActors__/ThirdPerson/Maps/ThirdPersonMap/6/IH/36YFL5F1TV47I2TI8YQO1Z
 |- Actor Path: /Game/ThirdPerson/Maps/ThirdPersonMap.ThirdPersonMap:PersistentLevel.StaticMeshActor_UAID_40C2BA406274725C02_1952736730
 |- Actor Package: /Game/__ExternalActors__/ThirdPerson/Maps/ThirdPersonMap/8/J4/PZFF2NKGA3RCVMQ3QVWV1E
 |- Actor Path: /Game/ThirdPerson/Maps/ThirdPersonMap.ThirdPersonMap:PersistentLevel.StaticMeshActor_UAID_40C2BA406274725C02_1986772731
 |- Actor Package: /Game/__ExternalActors__/ThirdPerson/Maps/ThirdPersonMap/6/2W/KH8QB56K6K3GR3QBW07H9A
 |- Actor Path: /Game/ThirdPerson/Maps/ThirdPersonMap.ThirdPersonMap:PersistentLevel.StaticMeshActor_UAID_40C2BA406274725C02_2013838732
 |- Actor Package: /Game/__ExternalActors__/ThirdPerson/Maps/ThirdPersonMap/D/LT/7XQNIQ980IFBBC3NWHT16G
 |- Actor Path: /Game/ThirdPerson/Maps/ThirdPersonMap.ThirdPersonMap:PersistentLevel.StaticMeshActor_UAID_40C2BA406274725C02_2040090733
 |- Actor Package: /Game/__ExternalActors__/ThirdPerson/Maps/ThirdPersonMap/2/S2/891OO7ZQ2WNIYDRVQ4DIBZ
 |- Actor Path: /Game/ThirdPerson/Maps/ThirdPersonMap.ThirdPersonMap:PersistentLevel.StaticMeshActor_UAID_A4AE111137DC5EFB00_1110535423
 |- Actor Package: /Game/__ExternalActors__/ThirdPerson/Maps/ThirdPersonMap/4/PN/2QISIGK5DJNQ05US8O8FXW
 |- Actor Path: /Game/ThirdPerson/Maps/ThirdPersonMap.ThirdPersonMap:PersistentLevel.VolumetricCloud_0
 |- Actor Package: /Game/__ExternalActors__/ThirdPerson/Maps/ThirdPersonMap/3/EY/87SHEJN5UBEAN2K5OV1G6R
 |- Actor Path: /Game/ThirdPerson/Maps/ThirdPersonMap.ThirdPersonMap:PersistentLevel.WorldDataLayers
 |- Actor Package: /Game/__ExternalActors__/ThirdPerson/Maps/ThirdPersonMap/0/43/HYQWORMY4JDQ5X3OKZXFLC

----------------------------------------------------------------------------------------------------------------
ThirdPersonMap - Runtime Hash Set
----------------------------------------------------------------------------------------------------------------

